{"level":"info","message":"Loading Mongoose functionality","timestamp":"2017-11-25T09:08:34.920Z"}
{"level":"info","message":"Starting application","timestamp":"2017-11-25T09:08:35.125Z"}
{"level":"info","message":"Creating HTTP server on port: 5000","timestamp":"2017-11-25T09:08:35.125Z"}
{"level":"info","message":"Mongoose connected to the database","timestamp":"2017-11-25T09:08:35.157Z"}
{"level":"info","message":"Loading Mongoose functionality","timestamp":"2017-11-25T09:16:23.735Z"}
{"level":"info","message":"Starting application","timestamp":"2017-11-25T09:16:23.863Z"}
{"level":"info","message":"Creating HTTP server on port: 5000","timestamp":"2017-11-25T09:16:23.864Z"}
{"level":"info","message":"Mongoose connected to the database","timestamp":"2017-11-25T09:16:23.884Z"}
{"level":"info","message":"Request from ::1","timestamp":"2017-11-25T09:24:36.628Z"}
{"level":"info","message":"Loading Mongoose functionality","timestamp":"2017-11-25T09:25:36.287Z"}
{"level":"info","message":"Starting application","timestamp":"2017-11-25T09:25:36.439Z"}
{"level":"info","message":"Creating HTTP server on port: 5000","timestamp":"2017-11-25T09:25:36.439Z"}
{"level":"info","message":"Mongoose connected to the database","timestamp":"2017-11-25T09:25:36.458Z"}
{"level":"info","message":"Request from ::1","timestamp":"2017-11-25T09:26:26.885Z"}
{"level":"verbose","message":"Create user","timestamp":"2017-11-25T09:26:26.900Z"}
{"level":"info","message":"Request from ::1","timestamp":"2017-11-25T09:26:51.403Z"}
{"level":"info","message":"Request from ::1","timestamp":"2017-11-25T09:32:26.873Z"}
{"level":"info","message":"Request from ::1","timestamp":"2017-11-25T09:33:37.383Z"}
{"level":"info","message":"Request from ::1","timestamp":"2017-11-25T09:33:44.859Z"}
{"level":"info","message":"Loading Mongoose functionality","timestamp":"2017-11-25T09:35:25.524Z"}
{"level":"info","message":"Starting application","timestamp":"2017-11-25T09:35:25.676Z"}
{"level":"info","message":"Creating HTTP server on port: 5000","timestamp":"2017-11-25T09:35:25.677Z"}
{"level":"info","message":"Mongoose connected to the database","timestamp":"2017-11-25T09:35:25.696Z"}
{"level":"info","message":"Request from ::1","timestamp":"2017-11-25T09:35:29.157Z"}
{"level":"verbose","message":"Get all todos","timestamp":"2017-11-25T09:35:29.158Z"}
{"level":"info","message":"Request from ::1","timestamp":"2017-11-25T09:35:44.236Z"}
{"level":"info","message":"Request from ::1","timestamp":"2017-11-25T09:36:15.274Z"}
{"level":"verbose","message":"Get all todos","timestamp":"2017-11-25T09:36:15.274Z"}
{"level":"info","message":"Loading Mongoose functionality","timestamp":"2017-11-25T09:36:45.092Z"}
{"level":"info","message":"Starting application","timestamp":"2017-11-25T09:36:45.205Z"}
{"level":"info","message":"Creating HTTP server on port: 5000","timestamp":"2017-11-25T09:36:45.205Z"}
{"level":"info","message":"Mongoose connected to the database","timestamp":"2017-11-25T09:36:45.220Z"}
{"level":"info","message":"Request from ::1","timestamp":"2017-11-25T09:36:47.846Z"}
{"level":"verbose","message":"Get all todos","timestamp":"2017-11-25T09:36:47.847Z"}
{"level":"info","message":"Request from ::1","timestamp":"2017-11-25T09:37:33.470Z"}
{"level":"verbose","message":"Get all todos","timestamp":"2017-11-25T09:37:33.470Z"}
{"level":"info","message":"Request from ::1","timestamp":"2017-11-25T09:38:55.442Z"}
{"level":"verbose","message":"Get all todos","timestamp":"2017-11-25T09:38:55.443Z"}
{"level":"info","message":"Request from ::1","timestamp":"2017-11-25T09:39:04.329Z"}
{"level":"info","message":"Request from ::1","timestamp":"2017-11-25T09:40:43.503Z"}
{"level":"verbose","message":"Get all todos","timestamp":"2017-11-25T09:40:43.503Z"}
{"level":"info","message":"Request from ::1","timestamp":"2017-11-25T09:41:55.511Z"}
{"level":"verbose","message":"Get all todos","timestamp":"2017-11-25T09:41:55.511Z"}
{"level":"info","message":"Request from ::1","timestamp":"2017-11-25T09:42:03.151Z"}
{"level":"verbose","message":"Create a ToDo","timestamp":"2017-11-25T09:42:03.152Z"}
{"level":"info","message":"Request from ::1","timestamp":"2017-11-25T09:45:03.087Z"}
{"level":"verbose","message":"Get all todos","timestamp":"2017-11-25T09:45:03.087Z"}
{"level":"info","message":"Request from ::1","timestamp":"2017-11-25T09:45:18.857Z"}
{"level":"verbose","message":"Get all todos","timestamp":"2017-11-25T09:45:18.857Z"}
{"level":"info","message":"Request from ::1","timestamp":"2017-11-25T09:45:29.287Z"}
{"level":"verbose","message":"Create a ToDo","timestamp":"2017-11-25T09:45:29.287Z"}
{"level":"info","message":"Request from ::1","timestamp":"2017-11-25T09:46:24.381Z"}
{"level":"verbose","message":"Get all todos","timestamp":"2017-11-25T09:46:24.382Z"}
{"level":"info","message":"Request from ::1","timestamp":"2017-11-25T09:46:25.740Z"}
{"level":"verbose","message":"Get all todos","timestamp":"2017-11-25T09:46:25.740Z"}
{"level":"info","message":"Request from ::1","timestamp":"2017-11-25T09:46:27.822Z"}
{"level":"verbose","message":"Get all todos","timestamp":"2017-11-25T09:46:27.822Z"}
{"level":"info","message":"Request from ::1","timestamp":"2017-11-25T09:46:42.868Z"}
{"level":"verbose","message":"Create a ToDo","timestamp":"2017-11-25T09:46:42.868Z"}
{"level":"info","message":"Request from ::1","timestamp":"2017-11-25T09:47:59.528Z"}
{"level":"verbose","message":"Get all todos","timestamp":"2017-11-25T09:47:59.529Z"}
{"level":"info","message":"Request from ::1","timestamp":"2017-11-25T09:48:02.722Z"}
{"level":"verbose","message":"Get all todos","timestamp":"2017-11-25T09:48:02.722Z"}
{"level":"info","message":"Request from ::1","timestamp":"2017-11-25T09:49:21.968Z"}
{"level":"verbose","message":"Get all todos","timestamp":"2017-11-25T09:49:21.968Z"}
{"level":"info","message":"Request from ::1","timestamp":"2017-11-25T09:49:30.477Z"}
{"level":"verbose","message":"Create a ToDo","timestamp":"2017-11-25T09:49:30.477Z"}
{"level":"info","message":"Loading Mongoose functionality","timestamp":"2017-11-25T09:49:45.421Z"}
{"level":"info","message":"Starting application","timestamp":"2017-11-25T09:49:45.566Z"}
{"level":"info","message":"Creating HTTP server on port: 5000","timestamp":"2017-11-25T09:49:45.566Z"}
{"level":"info","message":"Mongoose connected to the database","timestamp":"2017-11-25T09:49:45.581Z"}
{"level":"info","message":"Request from ::1","timestamp":"2017-11-25T09:50:00.987Z"}
{"level":"verbose","message":"Create a ToDo","timestamp":"2017-11-25T09:50:01.002Z"}
{"level":"info","message":"Request from ::1","timestamp":"2017-11-25T09:50:22.151Z"}
{"level":"verbose","message":"Get all todos","timestamp":"2017-11-25T09:50:22.152Z"}
{"level":"info","message":"Request from ::1","timestamp":"2017-11-25T09:50:30.682Z"}
{"level":"verbose","message":"Create a ToDo","timestamp":"2017-11-25T09:50:30.683Z"}
{"level":"info","message":"Request from ::1","timestamp":"2017-11-25T09:51:21.573Z"}
{"level":"verbose","message":"Get all todos","timestamp":"2017-11-25T09:51:21.573Z"}
{"level":"info","message":"Request from ::1","timestamp":"2017-11-25T09:53:16.014Z"}
{"level":"verbose","message":"Get all todos","timestamp":"2017-11-25T09:53:16.015Z"}
{"level":"info","message":"Request from ::1","timestamp":"2017-11-25T09:54:16.992Z"}
{"level":"verbose","message":"Get all todos","timestamp":"2017-11-25T09:54:16.992Z"}
{"level":"info","message":"Request from ::1","timestamp":"2017-11-25T09:58:32.939Z"}
{"level":"verbose","message":"Get all todos","timestamp":"2017-11-25T09:58:32.939Z"}
{"level":"info","message":"Request from ::1","timestamp":"2017-11-25T09:59:00.059Z"}
{"level":"verbose","message":"Get all todos","timestamp":"2017-11-25T09:59:00.059Z"}
{"level":"info","message":"Request from ::1","timestamp":"2017-11-25T09:59:02.861Z"}
{"level":"verbose","message":"Get all todos","timestamp":"2017-11-25T09:59:02.861Z"}
{"level":"info","message":"Request from ::1","timestamp":"2017-11-25T09:59:41.504Z"}
{"level":"verbose","message":"Get all todos","timestamp":"2017-11-25T09:59:41.504Z"}
{"level":"info","message":"Request from ::1","timestamp":"2017-11-25T10:00:51.939Z"}
{"level":"verbose","message":"Get all todos","timestamp":"2017-11-25T10:00:51.939Z"}
{"level":"info","message":"Request from ::1","timestamp":"2017-11-25T10:02:50.927Z"}
{"level":"verbose","message":"Get all todos","timestamp":"2017-11-25T10:02:50.927Z"}
{"level":"info","message":"Request from ::1","timestamp":"2017-11-25T10:03:09.937Z"}
{"level":"verbose","message":"Get all todos","timestamp":"2017-11-25T10:03:09.938Z"}
{"level":"info","message":"Request from ::1","timestamp":"2017-11-25T10:04:05.041Z"}
{"level":"verbose","message":"Get all todos","timestamp":"2017-11-25T10:04:05.041Z"}
{"level":"info","message":"Request from ::1","timestamp":"2017-11-25T10:04:26.059Z"}
{"level":"verbose","message":"Get all todos","timestamp":"2017-11-25T10:04:26.059Z"}
{"level":"info","message":"Request from ::1","timestamp":"2017-11-25T10:05:14.637Z"}
{"level":"verbose","message":"Get all todos","timestamp":"2017-11-25T10:05:14.637Z"}
{"level":"info","message":"Request from ::1","timestamp":"2017-11-25T10:05:24.842Z"}
{"level":"verbose","message":"Get all todos","timestamp":"2017-11-25T10:05:24.842Z"}
{"level":"info","message":"Request from ::1","timestamp":"2017-11-25T10:05:48.635Z"}
{"level":"verbose","message":"Get all todos","timestamp":"2017-11-25T10:05:48.635Z"}
{"level":"info","message":"Request from ::1","timestamp":"2017-11-25T10:06:30.127Z"}
{"level":"verbose","message":"Get all todos","timestamp":"2017-11-25T10:06:30.127Z"}
{"level":"info","message":"Request from ::1","timestamp":"2017-11-25T10:06:43.517Z"}
{"level":"info","message":"Request from ::1","timestamp":"2017-11-25T10:06:43.644Z"}
{"level":"verbose","message":"Get all todos","timestamp":"2017-11-25T10:06:43.644Z"}
{"level":"info","message":"Request from ::1","timestamp":"2017-11-25T10:08:11.682Z"}
{"level":"verbose","message":"Get all todos","timestamp":"2017-11-25T10:08:11.682Z"}
{"level":"info","message":"Request from ::1","timestamp":"2017-11-25T10:08:27.146Z"}
{"level":"verbose","message":"Get all todos","timestamp":"2017-11-25T10:08:27.146Z"}
{"level":"info","message":"Request from ::1","timestamp":"2017-11-25T10:08:37.054Z"}
{"level":"info","message":"Request from ::1","timestamp":"2017-11-25T10:08:37.156Z"}
{"level":"verbose","message":"Get all todos","timestamp":"2017-11-25T10:08:37.156Z"}
{"level":"info","message":"Request from ::1","timestamp":"2017-11-25T10:09:39.211Z"}
{"level":"verbose","message":"Get all todos","timestamp":"2017-11-25T10:09:39.211Z"}
{"level":"info","message":"Request from ::1","timestamp":"2017-11-25T10:09:46.288Z"}
{"level":"verbose","message":"Get all todos","timestamp":"2017-11-25T10:09:46.289Z"}
{"level":"info","message":"Request from ::1","timestamp":"2017-11-25T10:10:30.727Z"}
{"level":"verbose","message":"Get all todos","timestamp":"2017-11-25T10:10:30.727Z"}
{"level":"info","message":"Request from ::1","timestamp":"2017-11-25T10:13:21.788Z"}
{"level":"verbose","message":"Get all todos","timestamp":"2017-11-25T10:13:21.789Z"}
{"level":"info","message":"Request from ::1","timestamp":"2017-11-25T10:13:52.072Z"}
{"level":"verbose","message":"Get all todos","timestamp":"2017-11-25T10:13:52.072Z"}
{"level":"info","message":"Request from ::1","timestamp":"2017-11-25T10:16:24.274Z"}
{"level":"verbose","message":"Get all todos","timestamp":"2017-11-25T10:16:24.274Z"}
{"level":"info","message":"Request from ::1","timestamp":"2017-11-25T10:18:05.943Z"}
{"level":"verbose","message":"Get all todos","timestamp":"2017-11-25T10:18:05.943Z"}
{"level":"info","message":"Request from ::1","timestamp":"2017-11-25T10:18:35.228Z"}
{"level":"verbose","message":"Get all todos","timestamp":"2017-11-25T10:18:35.228Z"}
{"level":"info","message":"Request from ::1","timestamp":"2017-11-25T10:19:55.075Z"}
{"level":"verbose","message":"Get all todos","timestamp":"2017-11-25T10:19:55.075Z"}
{"level":"info","message":"Request from ::1","timestamp":"2017-11-25T10:20:37.620Z"}
{"level":"verbose","message":"Get all todos","timestamp":"2017-11-25T10:20:37.621Z"}
{"level":"info","message":"Request from ::1","timestamp":"2017-11-25T10:20:39.035Z"}
{"level":"verbose","message":"Get all todos","timestamp":"2017-11-25T10:20:39.035Z"}
{"level":"info","message":"Request from ::1","timestamp":"2017-11-25T10:20:45.629Z"}
{"level":"verbose","message":"Get all todos","timestamp":"2017-11-25T10:20:45.629Z"}
{"level":"info","message":"Request from ::1","timestamp":"2017-11-25T10:20:51.095Z"}
{"level":"verbose","message":"Get all todos","timestamp":"2017-11-25T10:20:51.095Z"}
{"level":"info","message":"Request from ::1","timestamp":"2017-11-25T10:21:21.064Z"}
{"level":"verbose","message":"Get all todos","timestamp":"2017-11-25T10:21:21.064Z"}
{"level":"info","message":"Request from ::1","timestamp":"2017-11-25T10:21:34.920Z"}
{"level":"verbose","message":"Get all todos","timestamp":"2017-11-25T10:21:34.920Z"}
{"level":"info","message":"Request from ::1","timestamp":"2017-11-25T10:21:36.525Z"}
{"level":"verbose","message":"Get all todos","timestamp":"2017-11-25T10:21:36.525Z"}
{"level":"info","message":"Request from ::1","timestamp":"2017-11-25T10:23:34.325Z"}
{"level":"verbose","message":"Get all todos","timestamp":"2017-11-25T10:23:34.325Z"}
{"level":"info","message":"Request from ::1","timestamp":"2017-11-25T10:23:35.641Z"}
{"level":"verbose","message":"Get all todos","timestamp":"2017-11-25T10:23:35.641Z"}
{"level":"info","message":"Loading Mongoose functionality","timestamp":"2017-11-25T10:28:11.691Z"}
{"level":"info","message":"Starting application","timestamp":"2017-11-25T10:28:11.842Z"}
{"level":"info","message":"Creating HTTP server on port: 5000","timestamp":"2017-11-25T10:28:11.842Z"}
{"level":"info","message":"Mongoose connected to the database","timestamp":"2017-11-25T10:28:11.858Z"}
{"level":"info","message":"Request from ::1","timestamp":"2017-11-25T10:28:39.879Z"}
{"level":"verbose","message":"Get all todos","timestamp":"2017-11-25T10:28:39.881Z"}
{"level":"info","message":"Request from ::1","timestamp":"2017-11-25T10:29:06.227Z"}
{"level":"verbose","message":"Create a ToDo","timestamp":"2017-11-25T10:29:06.239Z"}
{"level":"info","message":"Request from ::1","timestamp":"2017-11-25T10:29:20.421Z"}
{"level":"verbose","message":"Create a ToDo","timestamp":"2017-11-25T10:29:20.422Z"}
{"level":"info","message":"Request from ::1","timestamp":"2017-11-25T10:29:53.078Z"}
{"level":"verbose","message":"Get all todos","timestamp":"2017-11-25T10:29:53.078Z"}
{"level":"info","message":"Request from ::1","timestamp":"2017-11-25T10:30:03.837Z"}
{"level":"verbose","message":"Get all todos","timestamp":"2017-11-25T10:30:03.837Z"}
{"level":"info","message":"Request from ::1","timestamp":"2017-11-25T10:30:07.542Z"}
{"level":"verbose","message":"Get all todos","timestamp":"2017-11-25T10:30:07.542Z"}
{"level":"info","message":"Request from ::1","timestamp":"2017-11-25T10:30:51.450Z"}
{"level":"verbose","message":"Get all todos","timestamp":"2017-11-25T10:30:51.451Z"}
{"level":"info","message":"Request from ::1","timestamp":"2017-11-25T10:31:11.434Z"}
{"level":"verbose","message":"Get all todos","timestamp":"2017-11-25T10:31:11.434Z"}
{"level":"info","message":"Request from ::1","timestamp":"2017-11-25T10:31:54.389Z"}
{"level":"verbose","message":"Get all todos","timestamp":"2017-11-25T10:31:54.389Z"}
{"level":"info","message":"Request from ::1","timestamp":"2017-11-25T10:32:07.136Z"}
{"level":"verbose","message":"Get all todos","timestamp":"2017-11-25T10:32:07.136Z"}
{"level":"info","message":"Request from ::1","timestamp":"2017-11-25T10:32:25.929Z"}
{"level":"verbose","message":"Get all todos","timestamp":"2017-11-25T10:32:25.929Z"}
{"level":"info","message":"Request from ::1","timestamp":"2017-11-25T10:32:46.069Z"}
{"level":"verbose","message":"Get all todos","timestamp":"2017-11-25T10:32:46.069Z"}
{"level":"info","message":"Request from ::1","timestamp":"2017-11-25T10:33:28.377Z"}
{"level":"verbose","message":"Get all todos","timestamp":"2017-11-25T10:33:28.377Z"}
{"level":"info","message":"Request from ::1","timestamp":"2017-11-25T10:34:13.826Z"}
{"level":"verbose","message":"Get all todos","timestamp":"2017-11-25T10:34:13.827Z"}
{"level":"info","message":"Request from ::1","timestamp":"2017-11-25T10:34:46.590Z"}
{"level":"verbose","message":"Get all todos","timestamp":"2017-11-25T10:34:46.590Z"}
{"level":"info","message":"Request from ::1","timestamp":"2017-11-25T10:35:09.915Z"}
{"level":"verbose","message":"Get all todos","timestamp":"2017-11-25T10:35:09.915Z"}
{"level":"info","message":"Request from ::1","timestamp":"2017-11-25T10:35:28.226Z"}
{"level":"verbose","message":"Get all todos","timestamp":"2017-11-25T10:35:28.226Z"}
{"level":"info","message":"Request from ::1","timestamp":"2017-11-25T10:36:26.757Z"}
{"level":"verbose","message":"Get all todos","timestamp":"2017-11-25T10:36:26.757Z"}
{"level":"info","message":"Request from ::1","timestamp":"2017-11-25T10:37:45.438Z"}
{"level":"verbose","message":"Get all todos","timestamp":"2017-11-25T10:37:45.438Z"}
{"level":"info","message":"Request from ::1","timestamp":"2017-11-25T10:38:09.956Z"}
{"level":"verbose","message":"Get all todos","timestamp":"2017-11-25T10:38:09.956Z"}
{"level":"info","message":"Request from ::1","timestamp":"2017-11-25T10:46:24.192Z"}
{"level":"verbose","message":"Get all todos","timestamp":"2017-11-25T10:46:24.192Z"}
{"level":"info","message":"Loading Mongoose functionality","timestamp":"2017-11-25T10:48:45.114Z"}
{"level":"info","message":"Starting application","timestamp":"2017-11-25T10:48:45.250Z"}
{"level":"info","message":"Creating HTTP server on port: 5000","timestamp":"2017-11-25T10:48:45.250Z"}
{"level":"info","message":"Mongoose connected to the database","timestamp":"2017-11-25T10:48:45.269Z"}
{"level":"info","message":"Request from ::1","timestamp":"2017-11-25T10:50:05.613Z"}
{"level":"verbose","message":"Get all todos","timestamp":"2017-11-25T10:50:05.615Z"}
{"level":"info","message":"Request from ::1","timestamp":"2017-11-25T10:50:07.635Z"}
{"level":"verbose","message":"Get all todos","timestamp":"2017-11-25T10:50:07.635Z"}
{"level":"info","message":"Request from ::1","timestamp":"2017-11-25T10:50:30.896Z"}
{"level":"verbose","message":"Get all todos","timestamp":"2017-11-25T10:50:30.897Z"}
{"level":"info","message":"Request from ::1","timestamp":"2017-11-25T10:50:34.874Z"}
{"level":"verbose","message":"Update Tdoo with id ToDo id5a1945f223529270129e5fdd","timestamp":"2017-11-25T10:50:34.892Z"}
{"level":"info","message":"Request from ::1","timestamp":"2017-11-25T10:50:42.115Z"}
{"level":"verbose","message":"Update Tdoo with id ToDo id5a19460023529270129e5fde","timestamp":"2017-11-25T10:50:42.116Z"}
{"level":"info","message":"Request from ::1","timestamp":"2017-11-25T10:50:44.349Z"}
{"level":"verbose","message":"Update Tdoo with id ToDo id5a19460023529270129e5fde","timestamp":"2017-11-25T10:50:44.350Z"}
{"level":"info","message":"Request from ::1","timestamp":"2017-11-25T10:50:45.132Z"}
{"level":"verbose","message":"Update Tdoo with id ToDo id5a19460023529270129e5fde","timestamp":"2017-11-25T10:50:45.132Z"}
{"level":"info","message":"Request from ::1","timestamp":"2017-11-25T10:50:47.034Z"}
{"level":"verbose","message":"Get all todos","timestamp":"2017-11-25T10:50:47.034Z"}
{"level":"info","message":"Request from ::1","timestamp":"2017-11-25T10:50:49.889Z"}
{"level":"verbose","message":"Update Tdoo with id ToDo id5a1945f223529270129e5fdd","timestamp":"2017-11-25T10:50:49.889Z"}
{"level":"info","message":"Request from ::1","timestamp":"2017-11-25T10:50:51.994Z"}
{"level":"verbose","message":"Update Tdoo with id ToDo id5a19460023529270129e5fde","timestamp":"2017-11-25T10:50:51.995Z"}
{"level":"info","message":"Request from ::1","timestamp":"2017-11-25T10:52:43.123Z"}
{"level":"verbose","message":"Get all todos","timestamp":"2017-11-25T10:52:43.123Z"}
{"level":"info","message":"Request from ::1","timestamp":"2017-11-25T10:52:44.062Z"}
{"level":"verbose","message":"Get all todos","timestamp":"2017-11-25T10:52:44.062Z"}
{"level":"info","message":"Request from ::1","timestamp":"2017-11-25T10:53:31.162Z"}
{"level":"verbose","message":"Get all todos","timestamp":"2017-11-25T10:53:31.162Z"}
{"level":"info","message":"Request from ::1","timestamp":"2017-11-25T10:54:01.659Z"}
{"level":"verbose","message":"Get all todos","timestamp":"2017-11-25T10:54:01.659Z"}
{"level":"info","message":"Request from ::1","timestamp":"2017-11-25T10:54:05.863Z"}
{"level":"verbose","message":"Get all todos","timestamp":"2017-11-25T10:54:05.863Z"}
{"level":"info","message":"Loading Mongoose functionality","timestamp":"2017-11-25T10:54:53.717Z"}
{"level":"info","message":"Starting application","timestamp":"2017-11-25T10:54:53.857Z"}
{"level":"info","message":"Creating HTTP server on port: 5000","timestamp":"2017-11-25T10:54:53.857Z"}
{"level":"info","message":"Mongoose connected to the database","timestamp":"2017-11-25T10:54:53.870Z"}
{"level":"info","message":"Request from ::1","timestamp":"2017-11-25T10:54:56.869Z"}
{"level":"verbose","message":"Get all todos","timestamp":"2017-11-25T10:54:56.870Z"}
{"level":"info","message":"Request from ::1","timestamp":"2017-11-25T10:55:05.841Z"}
{"level":"verbose","message":"Update Tdoo with id ToDo id5a1945f223529270129e5fdd","timestamp":"2017-11-25T10:55:05.851Z"}
{"level":"info","message":"Request from ::1","timestamp":"2017-11-25T10:55:05.877Z"}
{"level":"info","message":"Loading Mongoose functionality","timestamp":"2017-11-25T10:56:36.218Z"}
{"level":"info","message":"Starting application","timestamp":"2017-11-25T10:56:36.299Z"}
{"level":"info","message":"Creating HTTP server on port: 5000","timestamp":"2017-11-25T10:56:36.299Z"}
{"level":"info","message":"Mongoose connected to the database","timestamp":"2017-11-25T10:56:36.318Z"}
{"level":"info","message":"Request from ::1","timestamp":"2017-11-25T10:56:39.032Z"}
{"level":"verbose","message":"Get all todos","timestamp":"2017-11-25T10:56:39.033Z"}
{"level":"info","message":"Request from ::1","timestamp":"2017-11-25T10:56:46.246Z"}
{"level":"verbose","message":"Update Tdoo with id ToDo id5a19460023529270129e5fde","timestamp":"2017-11-25T10:56:46.257Z"}
{"level":"info","message":"Request from ::1","timestamp":"2017-11-25T10:56:46.291Z"}
{"level":"verbose","message":"Upload file for todo 5a19460023529270129e5fde and 5a1937425a09da6f0663fb7c","timestamp":"2017-11-25T10:56:46.316Z"}
{"level":"info","message":"Request from ::1","timestamp":"2017-11-25T10:56:48.724Z"}
{"level":"verbose","message":"Get all todos","timestamp":"2017-11-25T10:56:48.724Z"}
{"level":"info","message":"Request from ::1","timestamp":"2017-11-25T10:56:50.180Z"}
{"level":"info","message":"Request from ::1","timestamp":"2017-11-25T10:56:50.249Z"}
{"level":"info","message":"Request from ::1","timestamp":"2017-11-25T10:56:50.378Z"}
{"level":"info","message":"Request from ::1","timestamp":"2017-11-25T10:57:00.658Z"}
{"level":"verbose","message":"Update Tdoo with id ToDo id5a19460023529270129e5fde","timestamp":"2017-11-25T10:57:00.659Z"}
{"level":"info","message":"Request from ::1","timestamp":"2017-11-25T10:57:02.655Z"}
{"level":"verbose","message":"Get all todos","timestamp":"2017-11-25T10:57:02.655Z"}
{"level":"info","message":"Request from ::1","timestamp":"2017-11-25T10:58:02.231Z"}
{"level":"verbose","message":"Get all todos","timestamp":"2017-11-25T10:58:02.231Z"}
{"level":"info","message":"Request from ::1","timestamp":"2017-11-25T10:58:08.884Z"}
{"level":"verbose","message":"Get all todos","timestamp":"2017-11-25T10:58:08.885Z"}
{"level":"info","message":"Request from ::1","timestamp":"2017-11-25T10:59:11.615Z"}
{"level":"info","message":"Request from ::1","timestamp":"2017-11-25T10:59:11.781Z"}
{"level":"verbose","message":"Get all todos","timestamp":"2017-11-25T10:59:11.781Z"}
{"level":"info","message":"Request from ::1","timestamp":"2017-11-25T10:59:26.764Z"}
{"level":"verbose","message":"Update Tdoo with id ToDo id5a1945f223529270129e5fdd","timestamp":"2017-11-25T10:59:26.764Z"}
{"level":"info","message":"Request from ::1","timestamp":"2017-11-25T10:59:32.269Z"}
{"level":"verbose","message":"Get all todos","timestamp":"2017-11-25T10:59:32.269Z"}
{"level":"info","message":"Request from ::1","timestamp":"2017-11-25T10:59:54.308Z"}
{"level":"verbose","message":"Get all todos","timestamp":"2017-11-25T10:59:54.308Z"}
{"level":"info","message":"Request from ::1","timestamp":"2017-11-25T10:59:56.322Z"}
{"level":"verbose","message":"Get all todos","timestamp":"2017-11-25T10:59:56.323Z"}
{"level":"info","message":"Request from ::1","timestamp":"2017-11-25T10:59:59.243Z"}
{"level":"info","message":"Request from ::1","timestamp":"2017-11-25T11:00:26.401Z"}
{"level":"verbose","message":"Get all todos","timestamp":"2017-11-25T11:00:26.401Z"}
{"level":"info","message":"Request from ::1","timestamp":"2017-11-25T11:00:28.206Z"}
{"level":"info","message":"Request from ::1","timestamp":"2017-11-25T11:00:49.272Z"}
{"level":"verbose","message":"Get all todos","timestamp":"2017-11-25T11:00:49.273Z"}
{"level":"info","message":"Request from ::1","timestamp":"2017-11-25T11:00:50.855Z"}
{"level":"verbose","message":"Delete ToDo with id ToDoid + req.params.todoID","timestamp":"2017-11-25T11:00:50.856Z"}
{"level":"info","message":"Request from ::1","timestamp":"2017-11-25T11:01:29.314Z"}
{"level":"verbose","message":"Create a ToDo","timestamp":"2017-11-25T11:01:29.315Z"}
{"level":"info","message":"Request from ::1","timestamp":"2017-11-25T11:01:29.345Z"}
{"level":"verbose","message":"Upload file for todo undefined and 5a1937425a09da6f0663fb7c","timestamp":"2017-11-25T11:01:29.348Z"}
{"level":"info","message":"Request from ::1","timestamp":"2017-11-25T11:02:06.204Z"}
{"level":"verbose","message":"Get all todos","timestamp":"2017-11-25T11:02:06.204Z"}
{"level":"info","message":"Request from ::1","timestamp":"2017-11-25T11:02:48.353Z"}
{"level":"verbose","message":"Get all todos","timestamp":"2017-11-25T11:02:48.353Z"}
{"level":"info","message":"Request from ::1","timestamp":"2017-11-25T11:02:50.688Z"}
{"level":"verbose","message":"Delete ToDo with id ToDoid + req.params.todoID","timestamp":"2017-11-25T11:02:50.688Z"}
{"level":"info","message":"Request from ::1","timestamp":"2017-11-25T11:03:15.918Z"}
{"level":"verbose","message":"Create a ToDo","timestamp":"2017-11-25T11:03:15.918Z"}
{"level":"info","message":"Request from ::1","timestamp":"2017-11-25T11:03:15.951Z"}
{"level":"verbose","message":"Upload file for todo undefined and 5a1937425a09da6f0663fb7c","timestamp":"2017-11-25T11:03:15.959Z"}
{"level":"info","message":"Request from ::1","timestamp":"2017-11-25T11:04:08.362Z"}
{"level":"verbose","message":"Get all todos","timestamp":"2017-11-25T11:04:08.363Z"}
{"level":"info","message":"Request from ::1","timestamp":"2017-11-25T11:04:10.232Z"}
{"level":"verbose","message":"Delete ToDo with id ToDoid + req.params.todoID","timestamp":"2017-11-25T11:04:10.232Z"}
{"level":"info","message":"Request from ::1","timestamp":"2017-11-25T11:04:23.913Z"}
{"level":"verbose","message":"Create a ToDo","timestamp":"2017-11-25T11:04:23.914Z"}
{"level":"info","message":"Request from ::1","timestamp":"2017-11-25T11:04:23.942Z"}
{"level":"verbose","message":"Upload file for todo 5a194e374008cf7081a81126 and 5a1937425a09da6f0663fb7c","timestamp":"2017-11-25T11:04:23.944Z"}
{"level":"info","message":"Request from ::1","timestamp":"2017-11-25T11:04:32.586Z"}
{"level":"verbose","message":"Get all todos","timestamp":"2017-11-25T11:04:32.586Z"}
{"level":"info","message":"Request from ::1","timestamp":"2017-11-25T11:04:34.173Z"}
{"level":"info","message":"Request from ::1","timestamp":"2017-11-25T11:04:34.226Z"}
