{"level":"info","message":"Loading Mongoose functionality","timestamp":"2017-11-20T01:01:50.572Z"}
{"level":"info","message":"Starting application","timestamp":"2017-11-20T01:01:50.602Z"}
{"level":"info","message":"Creating HTTP server on port: 5000","timestamp":"2017-11-20T01:01:50.603Z"}
{"level":"info","message":"Mongoose connected to the database","timestamp":"2017-11-20T01:01:50.637Z"}
{"level":"info","message":"Request from ::1","timestamp":"2017-11-20T01:06:32.504Z"}
{"level":"info","message":"Request from ::1","timestamp":"2017-11-20T01:06:32.743Z"}
{"level":"info","message":"Request from ::1","timestamp":"2017-11-20T01:07:26.085Z"}
{"level":"verbose","message":"Get all users","timestamp":"2017-11-20T01:07:26.086Z"}
{"level":"info","message":"Request from ::1","timestamp":"2017-11-20T01:11:24.966Z"}
{"level":"verbose","message":"Get all users","timestamp":"2017-11-20T01:11:24.966Z"}
{"level":"info","message":"Loading Mongoose functionality","timestamp":"2017-11-20T01:25:21.033Z"}
{"level":"info","message":"Starting application","timestamp":"2017-11-20T01:25:21.065Z"}
{"level":"info","message":"Creating HTTP server on port: 5000","timestamp":"2017-11-20T01:25:21.065Z"}
{"level":"info","message":"Mongoose connected to the database","timestamp":"2017-11-20T01:25:21.093Z"}
{"level":"info","message":"Request from ::1","timestamp":"2017-11-20T01:25:32.747Z"}
{"level":"verbose","message":"Get all users","timestamp":"2017-11-20T01:25:32.750Z"}
{"level":"info","message":"Request from ::1","timestamp":"2017-11-20T01:25:32.759Z"}
{"level":"info","message":"Request from ::1","timestamp":"2017-11-20T01:25:33.135Z"}
{"level":"info","message":"Request from ::1","timestamp":"2017-11-20T02:06:37.832Z"}
{"level":"info","message":"Request from ::1","timestamp":"2017-11-20T02:06:41.935Z"}
{"level":"verbose","message":"Get all users","timestamp":"2017-11-20T02:06:41.936Z"}
{"level":"info","message":"Request from ::1","timestamp":"2017-11-20T02:06:43.750Z"}
{"level":"info","message":"Request from ::1","timestamp":"2017-11-20T02:09:09.894Z"}
{"level":"verbose","message":"Get user1","timestamp":"2017-11-20T02:09:09.894Z"}
{"level":"info","message":"Request from ::1","timestamp":"2017-11-20T02:22:39.176Z"}
{"level":"verbose","message":"Get user1","timestamp":"2017-11-20T02:22:39.176Z"}
{"level":"info","message":"Loading Mongoose functionality","timestamp":"2017-11-20T02:23:46.687Z"}
{"level":"info","message":"Starting application","timestamp":"2017-11-20T02:23:46.717Z"}
{"level":"info","message":"Creating HTTP server on port: 5000","timestamp":"2017-11-20T02:23:46.717Z"}
{"level":"info","message":"Mongoose connected to the database","timestamp":"2017-11-20T02:23:46.745Z"}
{"level":"info","message":"Request from ::1","timestamp":"2017-11-20T02:23:48.757Z"}
{"level":"verbose","message":"Get user1","timestamp":"2017-11-20T02:23:48.759Z"}
{"level":"info","message":"Request from ::1","timestamp":"2017-11-20T02:24:31.680Z"}
{"level":"verbose","message":"Get all users","timestamp":"2017-11-20T02:24:31.681Z"}
{"level":"info","message":"Loading Mongoose functionality","timestamp":"2017-11-20T02:31:47.741Z"}
{"level":"info","message":"Starting application","timestamp":"2017-11-20T02:31:47.774Z"}
{"level":"info","message":"Creating HTTP server on port: 5000","timestamp":"2017-11-20T02:31:47.774Z"}
{"level":"info","message":"Mongoose connected to the database","timestamp":"2017-11-20T02:31:47.800Z"}
{"level":"info","message":"Request from ::1","timestamp":"2017-11-20T02:31:56.695Z"}
{"level":"verbose","message":"Create user","timestamp":"2017-11-20T02:31:56.711Z"}
{"level":"info","message":"Request from ::1","timestamp":"2017-11-20T02:32:10.760Z"}
{"level":"verbose","message":"Get all users","timestamp":"2017-11-20T02:32:10.761Z"}
{"level":"info","message":"Request from ::1","timestamp":"2017-11-20T02:33:14.369Z"}
{"level":"verbose","message":"Get all users","timestamp":"2017-11-20T02:33:14.369Z"}
{"level":"info","message":"Request from ::1","timestamp":"2017-11-20T02:42:40.300Z"}
{"level":"verbose","message":"Create user","timestamp":"2017-11-20T02:42:40.301Z"}
{"level":"info","message":"Loading Mongoose functionality","timestamp":"2017-11-20T03:54:18.856Z"}
{"level":"info","message":"Starting application","timestamp":"2017-11-20T03:54:18.983Z"}
{"level":"info","message":"Creating HTTP server on port: 5000","timestamp":"2017-11-20T03:54:18.983Z"}
{"level":"info","message":"Mongoose connected to the database","timestamp":"2017-11-20T03:54:19.000Z"}
{"level":"info","message":"Request from ::1","timestamp":"2017-11-20T03:54:58.913Z"}
{"level":"verbose","message":"Get all users","timestamp":"2017-11-20T03:54:58.914Z"}
{"level":"info","message":"Request from ::1","timestamp":"2017-11-20T03:54:58.920Z"}
{"level":"info","message":"Request from ::1","timestamp":"2017-11-20T03:54:59.670Z"}
{"level":"verbose","message":"Get all users","timestamp":"2017-11-20T03:54:59.670Z"}
{"level":"info","message":"Request from ::1","timestamp":"2017-11-20T04:03:48.905Z"}
{"level":"verbose","message":"Get all users","timestamp":"2017-11-20T04:03:48.905Z"}
{"level":"info","message":"Request from ::1","timestamp":"2017-11-20T04:04:04.728Z"}
{"level":"verbose","message":"Get user5a123e9cf0c81004549b7643","timestamp":"2017-11-20T04:04:04.729Z"}
{"level":"info","message":"Request from ::1","timestamp":"2017-11-20T04:04:24.170Z"}
{"level":"verbose","message":"Get user5a123e9cf0c81004549b7643","timestamp":"2017-11-20T04:04:24.170Z"}
{"level":"info","message":"Loading Mongoose functionality","timestamp":"2017-11-20T04:04:32.859Z"}
{"level":"info","message":"Starting application","timestamp":"2017-11-20T04:04:32.992Z"}
{"level":"info","message":"Creating HTTP server on port: 5000","timestamp":"2017-11-20T04:04:32.993Z"}
{"level":"info","message":"Mongoose connected to the database","timestamp":"2017-11-20T04:04:33.010Z"}
{"level":"info","message":"Request from ::1","timestamp":"2017-11-20T04:04:39.379Z"}
{"level":"verbose","message":"Get user5a123e9cf0c81004549b7643","timestamp":"2017-11-20T04:04:39.380Z"}
{"level":"info","message":"Request from ::1","timestamp":"2017-11-20T04:04:45.206Z"}
{"level":"info","message":"Request from ::1","timestamp":"2017-11-20T04:04:48.183Z"}
{"level":"verbose","message":"Get all users","timestamp":"2017-11-20T04:04:48.183Z"}
{"level":"info","message":"Request from ::1","timestamp":"2017-11-20T04:05:17.551Z"}
{"level":"verbose","message":"Get all users","timestamp":"2017-11-20T04:05:17.551Z"}
{"level":"info","message":"Request from ::1","timestamp":"2017-11-20T04:05:29.123Z"}
{"level":"info","message":"Request from ::1","timestamp":"2017-11-20T04:07:12.648Z"}
{"level":"info","message":"Loading Mongoose functionality","timestamp":"2017-11-20T04:07:20.226Z"}
{"level":"info","message":"Starting application","timestamp":"2017-11-20T04:07:20.349Z"}
{"level":"info","message":"Creating HTTP server on port: 5000","timestamp":"2017-11-20T04:07:20.349Z"}
{"level":"info","message":"Mongoose connected to the database","timestamp":"2017-11-20T04:07:20.364Z"}
{"level":"info","message":"Request from ::1","timestamp":"2017-11-20T04:07:22.256Z"}
{"level":"info","message":"Request from ::1","timestamp":"2017-11-20T04:07:23.310Z"}
{"level":"info","message":"Loading Mongoose functionality","timestamp":"2017-11-20T04:07:47.026Z"}
{"level":"info","message":"Starting application","timestamp":"2017-11-20T04:07:47.115Z"}
{"level":"info","message":"Creating HTTP server on port: 5000","timestamp":"2017-11-20T04:07:47.115Z"}
{"level":"info","message":"Mongoose connected to the database","timestamp":"2017-11-20T04:07:47.134Z"}
{"level":"info","message":"Request from ::1","timestamp":"2017-11-20T04:07:49.733Z"}
{"level":"info","message":"Loading Mongoose functionality","timestamp":"2017-11-20T04:08:27.773Z"}
{"level":"info","message":"Starting application","timestamp":"2017-11-20T04:08:27.865Z"}
{"level":"info","message":"Creating HTTP server on port: 5000","timestamp":"2017-11-20T04:08:27.866Z"}
{"level":"info","message":"Mongoose connected to the database","timestamp":"2017-11-20T04:08:27.887Z"}
{"level":"info","message":"Request from ::1","timestamp":"2017-11-20T04:08:31.431Z"}
{"level":"info","message":"Request from ::1","timestamp":"2017-11-20T04:08:43.507Z"}
{"level":"verbose","message":"Get user5a123e9cf0c81004549b7643","timestamp":"2017-11-20T04:08:43.508Z"}
{"level":"info","message":"Request from ::1","timestamp":"2017-11-20T04:09:16.340Z"}
{"level":"verbose","message":"Update user5a123e9cf0c81004549b7643","timestamp":"2017-11-20T04:09:16.341Z"}
{"level":"info","message":"Request from ::1","timestamp":"2017-11-20T04:09:42.621Z"}
{"level":"verbose","message":"Update user5a123e9cf0c81004549b7643","timestamp":"2017-11-20T04:09:42.621Z"}
{"level":"info","message":"Loading Mongoose functionality","timestamp":"2017-11-20T04:09:47.890Z"}
{"level":"info","message":"Starting application","timestamp":"2017-11-20T04:09:47.971Z"}
{"level":"info","message":"Creating HTTP server on port: 5000","timestamp":"2017-11-20T04:09:47.971Z"}
{"level":"info","message":"Mongoose connected to the database","timestamp":"2017-11-20T04:09:47.990Z"}
{"level":"info","message":"Request from ::1","timestamp":"2017-11-20T04:09:50.402Z"}
{"level":"verbose","message":"Update user5a123e9cf0c81004549b7643","timestamp":"2017-11-20T04:09:50.405Z"}
{"level":"info","message":"Request from ::1","timestamp":"2017-11-20T04:09:59.082Z"}
{"level":"verbose","message":"Update user5a123e9cf0c81004549b7643","timestamp":"2017-11-20T04:09:59.083Z"}
{"level":"info","message":"Request from ::1","timestamp":"2017-11-20T04:10:13.407Z"}
{"level":"verbose","message":"Update user5a123e9cf0c81004549b7643","timestamp":"2017-11-20T04:10:13.408Z"}
{"level":"info","message":"Request from ::1","timestamp":"2017-11-20T04:10:27.810Z"}
{"level":"verbose","message":"Update user5a123e9cf0c81004549b7643","timestamp":"2017-11-20T04:10:27.810Z"}
{"level":"info","message":"Loading Mongoose functionality","timestamp":"2017-11-20T04:10:30.802Z"}
{"level":"info","message":"Starting application","timestamp":"2017-11-20T04:10:30.896Z"}
{"level":"info","message":"Creating HTTP server on port: 5000","timestamp":"2017-11-20T04:10:30.896Z"}
{"level":"info","message":"Mongoose connected to the database","timestamp":"2017-11-20T04:10:30.915Z"}
{"level":"info","message":"Request from ::1","timestamp":"2017-11-20T04:10:32.704Z"}
{"level":"verbose","message":"Update user5a123e9cf0c81004549b7643","timestamp":"2017-11-20T04:10:32.708Z"}
{"level":"info","message":"Request from ::1","timestamp":"2017-11-20T04:11:12.298Z"}
{"level":"verbose","message":"Update user5a123e9cf0c81004549b7643","timestamp":"2017-11-20T04:11:12.298Z"}
{"level":"info","message":"Request from ::1","timestamp":"2017-11-20T04:11:13.165Z"}
{"level":"verbose","message":"Update user5a123e9cf0c81004549b7643","timestamp":"2017-11-20T04:11:13.165Z"}
{"level":"info","message":"Request from ::1","timestamp":"2017-11-20T04:11:57.929Z"}
{"level":"verbose","message":"Update user5a123e9cf0c81004549b7643","timestamp":"2017-11-20T04:11:57.929Z"}
{"level":"info","message":"Request from ::1","timestamp":"2017-11-20T04:12:20.716Z"}
{"level":"verbose","message":"Update user5a123e9cf0c81004549b7643","timestamp":"2017-11-20T04:12:20.729Z"}
{"level":"info","message":"Request from ::1","timestamp":"2017-11-20T04:13:04.777Z"}
{"level":"verbose","message":"Update user5a123e9cf0c81004549b7643","timestamp":"2017-11-20T04:13:04.778Z"}
{"level":"info","message":"Loading Mongoose functionality","timestamp":"2017-11-20T04:13:14.508Z"}
{"level":"info","message":"Starting application","timestamp":"2017-11-20T04:13:14.600Z"}
{"level":"info","message":"Creating HTTP server on port: 5000","timestamp":"2017-11-20T04:13:14.600Z"}
{"level":"info","message":"Mongoose connected to the database","timestamp":"2017-11-20T04:13:14.621Z"}
{"level":"info","message":"Request from ::1","timestamp":"2017-11-20T04:13:16.632Z"}
{"level":"verbose","message":"Update user5a123e9cf0c81004549b7643","timestamp":"2017-11-20T04:13:16.647Z"}
{"level":"info","message":"Request from ::1","timestamp":"2017-11-20T04:13:44.163Z"}
{"level":"verbose","message":"Get all users","timestamp":"2017-11-20T04:13:44.163Z"}
{"level":"info","message":"Loading Mongoose functionality","timestamp":"2017-11-20T04:14:29.337Z"}
{"level":"info","message":"Starting application","timestamp":"2017-11-20T04:14:29.476Z"}
{"level":"info","message":"Creating HTTP server on port: 5000","timestamp":"2017-11-20T04:14:29.476Z"}
{"level":"info","message":"Mongoose connected to the database","timestamp":"2017-11-20T04:14:29.492Z"}
{"level":"info","message":"Loading Mongoose functionality","timestamp":"2017-11-20T04:14:55.827Z"}
{"level":"info","message":"Starting application","timestamp":"2017-11-20T04:14:55.941Z"}
{"level":"info","message":"Creating HTTP server on port: 5000","timestamp":"2017-11-20T04:14:55.941Z"}
{"level":"info","message":"Mongoose connected to the database","timestamp":"2017-11-20T04:14:55.969Z"}
{"level":"info","message":"Loading Mongoose functionality","timestamp":"2017-11-20T04:15:06.456Z"}
{"level":"info","message":"Starting application","timestamp":"2017-11-20T04:15:06.544Z"}
{"level":"info","message":"Creating HTTP server on port: 5000","timestamp":"2017-11-20T04:15:06.544Z"}
{"level":"info","message":"Mongoose connected to the database","timestamp":"2017-11-20T04:15:06.563Z"}
{"level":"info","message":"Request from ::1","timestamp":"2017-11-20T04:15:09.229Z"}
{"level":"verbose","message":"Get all todos","timestamp":"2017-11-20T04:15:09.232Z"}
{"level":"info","message":"Loading Mongoose functionality","timestamp":"2017-11-20T04:15:22.486Z"}
{"level":"info","message":"Starting application","timestamp":"2017-11-20T04:15:22.576Z"}
{"level":"info","message":"Creating HTTP server on port: 5000","timestamp":"2017-11-20T04:15:22.576Z"}
{"level":"info","message":"Mongoose connected to the database","timestamp":"2017-11-20T04:15:22.595Z"}
{"level":"info","message":"Request from ::1","timestamp":"2017-11-20T04:15:24.001Z"}
{"level":"verbose","message":"Get all todos","timestamp":"2017-11-20T04:15:24.003Z"}
{"level":"info","message":"Loading Mongoose functionality","timestamp":"2017-11-20T04:16:57.558Z"}
{"level":"info","message":"Starting application","timestamp":"2017-11-20T04:16:57.651Z"}
{"level":"info","message":"Creating HTTP server on port: 5000","timestamp":"2017-11-20T04:16:57.651Z"}
{"level":"info","message":"Mongoose connected to the database","timestamp":"2017-11-20T04:16:57.672Z"}
{"level":"info","message":"Request from ::1","timestamp":"2017-11-20T04:18:21.396Z"}
{"level":"info","message":"Request from ::1","timestamp":"2017-11-20T04:18:27.189Z"}
{"level":"info","message":"Loading Mongoose functionality","timestamp":"2017-11-20T04:18:58.258Z"}
{"level":"info","message":"Starting application","timestamp":"2017-11-20T04:18:58.389Z"}
{"level":"info","message":"Creating HTTP server on port: 5000","timestamp":"2017-11-20T04:18:58.389Z"}
{"level":"info","message":"Mongoose connected to the database","timestamp":"2017-11-20T04:18:58.406Z"}
{"level":"info","message":"Request from ::1","timestamp":"2017-11-20T04:19:03.617Z"}
{"level":"verbose","message":"Create a ToDo","timestamp":"2017-11-20T04:19:03.628Z"}
{"level":"info","message":"Loading Mongoose functionality","timestamp":"2017-11-20T04:20:05.117Z"}
{"level":"info","message":"Starting application","timestamp":"2017-11-20T04:20:05.290Z"}
{"level":"info","message":"Creating HTTP server on port: 5000","timestamp":"2017-11-20T04:20:05.290Z"}
{"level":"info","message":"Mongoose connected to the database","timestamp":"2017-11-20T04:20:05.308Z"}
{"level":"info","message":"Request from ::1","timestamp":"2017-11-20T04:20:09.024Z"}
{"level":"verbose","message":"Create a ToDo","timestamp":"2017-11-20T04:20:09.042Z"}
{"level":"info","message":"Request from ::1","timestamp":"2017-11-20T04:20:28.860Z"}
{"level":"verbose","message":"Create a ToDo","timestamp":"2017-11-20T04:20:28.862Z"}
{"level":"info","message":"Request from ::1","timestamp":"2017-11-20T04:23:13.641Z"}
{"level":"info","message":"Request from ::1","timestamp":"2017-11-20T04:23:20.115Z"}
{"level":"verbose","message":"Get all todos","timestamp":"2017-11-20T04:23:20.116Z"}
{"level":"info","message":"Request from ::1","timestamp":"2017-11-20T04:25:03.353Z"}
{"level":"verbose","message":"Get all todos","timestamp":"2017-11-20T04:25:03.353Z"}
{"level":"info","message":"Request from ::1","timestamp":"2017-11-20T04:28:28.685Z"}
{"level":"verbose","message":"Get all todos","timestamp":"2017-11-20T04:28:28.685Z"}
{"level":"info","message":"Request from ::1","timestamp":"2017-11-20T04:28:35.427Z"}
{"level":"verbose","message":"Get all todos","timestamp":"2017-11-20T04:28:35.427Z"}
{"level":"info","message":"Loading Mongoose functionality","timestamp":"2017-11-20T04:28:38.159Z"}
{"level":"info","message":"Starting application","timestamp":"2017-11-20T04:28:38.396Z"}
{"level":"info","message":"Creating HTTP server on port: 5000","timestamp":"2017-11-20T04:28:38.397Z"}
{"level":"info","message":"Mongoose connected to the database","timestamp":"2017-11-20T04:28:38.415Z"}
{"level":"info","message":"Request from ::1","timestamp":"2017-11-20T04:28:39.315Z"}
{"level":"verbose","message":"Get all todos","timestamp":"2017-11-20T04:28:39.318Z"}
{"level":"info","message":"Request from ::1","timestamp":"2017-11-20T04:28:40.199Z"}
{"level":"verbose","message":"Get all todos","timestamp":"2017-11-20T04:28:40.201Z"}
{"level":"info","message":"Loading Mongoose functionality","timestamp":"2017-11-20T04:28:46.375Z"}
{"level":"info","message":"Starting application","timestamp":"2017-11-20T04:28:46.472Z"}
{"level":"info","message":"Creating HTTP server on port: 5000","timestamp":"2017-11-20T04:28:46.472Z"}
{"level":"info","message":"Mongoose connected to the database","timestamp":"2017-11-20T04:28:46.492Z"}
{"level":"info","message":"Request from ::1","timestamp":"2017-11-20T04:28:49.483Z"}
{"level":"verbose","message":"Get all todos","timestamp":"2017-11-20T04:28:49.485Z"}
{"level":"info","message":"Request from ::1","timestamp":"2017-11-20T04:28:51.494Z"}
{"level":"verbose","message":"Get useruser","timestamp":"2017-11-20T04:28:51.494Z"}
{"level":"info","message":"Request from ::1","timestamp":"2017-11-20T04:29:13.363Z"}
{"level":"info","message":"Request from ::1","timestamp":"2017-11-20T04:29:18.329Z"}
{"level":"verbose","message":"Get all todos","timestamp":"2017-11-20T04:29:18.330Z"}
{"level":"info","message":"Loading Mongoose functionality","timestamp":"2017-11-20T04:29:27.677Z"}
{"level":"info","message":"Starting application","timestamp":"2017-11-20T04:29:27.803Z"}
{"level":"info","message":"Creating HTTP server on port: 5000","timestamp":"2017-11-20T04:29:27.803Z"}
{"level":"info","message":"Mongoose connected to the database","timestamp":"2017-11-20T04:29:27.897Z"}
{"level":"info","message":"Request from ::1","timestamp":"2017-11-20T04:29:29.811Z"}
{"level":"verbose","message":"Get all todos","timestamp":"2017-11-20T04:29:29.815Z"}
{"level":"info","message":"Loading Mongoose functionality","timestamp":"2017-11-20T04:29:37.837Z"}
{"level":"info","message":"Starting application","timestamp":"2017-11-20T04:29:37.959Z"}
{"level":"info","message":"Creating HTTP server on port: 5000","timestamp":"2017-11-20T04:29:37.959Z"}
{"level":"info","message":"Mongoose connected to the database","timestamp":"2017-11-20T04:29:37.983Z"}
{"level":"info","message":"Request from ::1","timestamp":"2017-11-20T04:29:39.808Z"}
{"level":"verbose","message":"Get all todos","timestamp":"2017-11-20T04:29:39.809Z"}
{"level":"info","message":"Request from ::1","timestamp":"2017-11-20T04:29:40.613Z"}
{"level":"verbose","message":"Get all todos","timestamp":"2017-11-20T04:29:40.613Z"}
{"level":"info","message":"Loading Mongoose functionality","timestamp":"2017-11-20T04:43:47.156Z"}
{"level":"info","message":"Starting application","timestamp":"2017-11-20T04:43:47.321Z"}
{"level":"info","message":"Creating HTTP server on port: 5000","timestamp":"2017-11-20T04:43:47.321Z"}
{"level":"info","message":"Mongoose connected to the database","timestamp":"2017-11-20T04:43:47.342Z"}
{"level":"info","message":"Request from ::1","timestamp":"2017-11-20T04:43:52.790Z"}
{"level":"verbose","message":"Get all todos","timestamp":"2017-11-20T04:43:52.795Z"}
{"level":"info","message":"Request from ::1","timestamp":"2017-11-20T04:43:53.737Z"}
{"level":"verbose","message":"Get all todos","timestamp":"2017-11-20T04:43:53.738Z"}
{"level":"info","message":"Loading Mongoose functionality","timestamp":"2017-11-20T04:44:15.404Z"}
{"level":"info","message":"Starting application","timestamp":"2017-11-20T04:44:15.594Z"}
{"level":"info","message":"Creating HTTP server on port: 5000","timestamp":"2017-11-20T04:44:15.594Z"}
{"level":"info","message":"Mongoose connected to the database","timestamp":"2017-11-20T04:44:15.619Z"}
{"level":"info","message":"Request from ::1","timestamp":"2017-11-20T04:44:16.726Z"}
{"level":"verbose","message":"Get all todos","timestamp":"2017-11-20T04:44:16.728Z"}
{"level":"info","message":"Loading Mongoose functionality","timestamp":"2017-11-20T04:45:56.676Z"}
{"level":"info","message":"Starting application","timestamp":"2017-11-20T04:45:56.788Z"}
{"level":"info","message":"Creating HTTP server on port: 5000","timestamp":"2017-11-20T04:45:56.788Z"}
{"level":"info","message":"Mongoose connected to the database","timestamp":"2017-11-20T04:45:56.809Z"}
{"level":"info","message":"Request from ::1","timestamp":"2017-11-20T04:46:09.008Z"}
{"level":"verbose","message":"Get all todos","timestamp":"2017-11-20T04:46:09.009Z"}
{"level":"info","message":"Loading Mongoose functionality","timestamp":"2017-11-20T04:46:49.896Z"}
{"level":"info","message":"Starting application","timestamp":"2017-11-20T04:46:50.007Z"}
{"level":"info","message":"Creating HTTP server on port: 5000","timestamp":"2017-11-20T04:46:50.007Z"}
{"level":"info","message":"Mongoose connected to the database","timestamp":"2017-11-20T04:46:50.030Z"}
{"level":"info","message":"Request from ::1","timestamp":"2017-11-20T04:46:55.174Z"}
{"level":"verbose","message":"Get all todos","timestamp":"2017-11-20T04:46:55.176Z"}
{"level":"info","message":"Loading Mongoose functionality","timestamp":"2017-11-20T04:48:34.143Z"}
{"level":"info","message":"Starting application","timestamp":"2017-11-20T04:48:34.258Z"}
{"level":"info","message":"Creating HTTP server on port: 5000","timestamp":"2017-11-20T04:48:34.259Z"}
{"level":"info","message":"Mongoose connected to the database","timestamp":"2017-11-20T04:48:34.282Z"}
{"level":"info","message":"Request from ::1","timestamp":"2017-11-20T04:48:37.576Z"}
{"level":"verbose","message":"Get all todos","timestamp":"2017-11-20T04:48:37.578Z"}
{"level":"info","message":"Request from ::1","timestamp":"2017-11-20T04:48:38.410Z"}
{"level":"verbose","message":"Get all todos","timestamp":"2017-11-20T04:48:38.411Z"}
{"level":"info","message":"Request from ::1","timestamp":"2017-11-20T04:48:38.859Z"}
{"level":"verbose","message":"Get all todos","timestamp":"2017-11-20T04:48:38.859Z"}
{"level":"info","message":"Request from ::1","timestamp":"2017-11-20T04:48:57.834Z"}
{"level":"info","message":"Request from ::1","timestamp":"2017-11-20T04:49:03.544Z"}
{"level":"info","message":"Request from ::1","timestamp":"2017-11-20T04:49:09.018Z"}
{"level":"verbose","message":"Update Tdoo with id ToDo id5a1257b7e63af605adba9923","timestamp":"2017-11-20T04:49:09.019Z"}
{"level":"info","message":"Request from ::1","timestamp":"2017-11-20T04:49:17.855Z"}
{"level":"verbose","message":"Delete ToDo with id ToDoid + req.params.todoID","timestamp":"2017-11-20T04:49:17.856Z"}
{"level":"info","message":"Request from ::1","timestamp":"2017-11-20T04:49:22.783Z"}
{"level":"verbose","message":"Get all todos","timestamp":"2017-11-20T04:49:22.784Z"}
{"level":"info","message":"Request from ::1","timestamp":"2017-11-20T04:49:59.141Z"}
{"level":"verbose","message":"Get all users","timestamp":"2017-11-20T04:49:59.141Z"}
{"level":"info","message":"Request from ::1","timestamp":"2017-11-20T04:50:09.239Z"}
{"level":"verbose","message":"Get all todos","timestamp":"2017-11-20T04:50:09.239Z"}
{"level":"info","message":"Request from ::1","timestamp":"2017-11-20T04:50:14.774Z"}
{"level":"verbose","message":"Get user5a12580cde5f1b05b0eab285","timestamp":"2017-11-20T04:50:14.775Z"}
{"level":"info","message":"Request from ::1","timestamp":"2017-11-20T04:50:29.188Z"}
{"level":"verbose","message":"Get all todos","timestamp":"2017-11-20T04:50:29.193Z"}
{"level":"info","message":"Request from ::1","timestamp":"2017-11-20T04:50:40.667Z"}
{"level":"verbose","message":"Delete user5a123e9cf0c81004549b7643","timestamp":"2017-11-20T04:50:40.669Z"}
{"level":"info","message":"Request from ::1","timestamp":"2017-11-20T04:50:44.726Z"}
{"level":"verbose","message":"Get all users","timestamp":"2017-11-20T04:50:44.727Z"}
