{"level":"info","message":"Loading Mongoose functionality","timestamp":"2017-11-17T06:04:43.832Z"}
{"level":"info","message":"Starting application","timestamp":"2017-11-17T06:04:43.879Z"}
{"level":"info","message":"Creating HTTP server on port: 3000","timestamp":"2017-11-17T06:04:43.879Z"}
{"level":"info","message":"HTTP Server listening on port: 3000, in development mode","timestamp":"2017-11-17T06:04:43.885Z"}
{"level":"info","message":"Mongoose connected to the database","timestamp":"2017-11-17T06:04:43.906Z"}
{"level":"info","message":"Loading Mongoose functionality","timestamp":"2017-11-17T06:05:24.856Z"}
{"level":"info","message":"Starting application","timestamp":"2017-11-17T06:05:24.880Z"}
{"level":"info","message":"Creating HTTP server on port: 3000","timestamp":"2017-11-17T06:05:24.881Z"}
{"level":"info","message":"HTTP Server listening on port: 3000, in development mode","timestamp":"2017-11-17T06:05:24.882Z"}
{"level":"info","message":"Mongoose connected to the database","timestamp":"2017-11-17T06:05:24.905Z"}
{"level":"info","message":"Loading Mongoose functionality","timestamp":"2017-11-17T06:07:41.906Z"}
{"level":"info","message":"Starting application","timestamp":"2017-11-17T06:07:41.932Z"}
{"level":"info","message":"Creating HTTP server on port: 8000","timestamp":"2017-11-17T06:07:41.932Z"}
{"level":"info","message":"HTTP Server listening on port: 8000, in development mode","timestamp":"2017-11-17T06:07:41.934Z"}
{"level":"info","message":"Mongoose connected to the database","timestamp":"2017-11-17T06:07:41.961Z"}
{"level":"info","message":"Loading Mongoose functionality","timestamp":"2017-11-17T06:10:38.916Z"}
{"level":"info","message":"Starting application","timestamp":"2017-11-17T06:10:38.944Z"}
{"level":"info","message":"Creating HTTP server on port: 8000","timestamp":"2017-11-17T06:10:38.944Z"}
{"level":"info","message":"Mongoose connected to the database","timestamp":"2017-11-17T06:10:38.973Z"}
{"level":"info","message":"Request from ::1","timestamp":"2017-11-17T06:10:47.142Z"}
{"level":"info","message":"Request from ::1","timestamp":"2017-11-17T06:11:54.964Z"}
{"level":"info","message":"Request from ::1","timestamp":"2017-11-17T06:12:01.353Z"}
{"level":"info","message":"Request from ::1","timestamp":"2017-11-17T06:12:21.786Z"}
{"level":"info","message":"Request from ::1","timestamp":"2017-11-17T06:12:24.893Z"}
{"level":"info","message":"Request from ::1","timestamp":"2017-11-17T06:12:54.800Z"}
{"level":"info","message":"Request from ::1","timestamp":"2017-11-17T06:12:57.520Z"}
{"level":"verbose","message":"Get all users","timestamp":"2017-11-17T06:12:57.520Z"}
{"level":"info","message":"Request from ::1","timestamp":"2017-11-17T06:13:03.740Z"}
{"level":"info","message":"Request from ::1","timestamp":"2017-11-17T06:13:19.864Z"}
{"level":"verbose","message":"Get all users","timestamp":"2017-11-17T06:13:19.865Z"}
{"level":"info","message":"Loading Mongoose functionality","timestamp":"2017-11-17T06:13:36.986Z"}
{"level":"info","message":"Starting application","timestamp":"2017-11-17T06:13:37.010Z"}
{"level":"info","message":"Creating HTTP server on port: 5000","timestamp":"2017-11-17T06:13:37.011Z"}
{"level":"info","message":"Mongoose connected to the database","timestamp":"2017-11-17T06:13:37.034Z"}
{"level":"info","message":"Request from ::1","timestamp":"2017-11-17T06:13:43.147Z"}
{"level":"verbose","message":"Get all users","timestamp":"2017-11-17T06:13:43.148Z"}
{"level":"info","message":"Request from ::1","timestamp":"2017-11-17T06:13:43.154Z"}
{"level":"info","message":"Request from ::1","timestamp":"2017-11-17T06:13:43.348Z"}
{"level":"info","message":"Loading Mongoose functionality","timestamp":"2017-11-17T07:06:19.816Z"}
{"level":"info","message":"Starting application","timestamp":"2017-11-17T07:06:19.861Z"}
{"level":"info","message":"Creating HTTP server on port: 5000","timestamp":"2017-11-17T07:06:19.861Z"}
{"level":"info","message":"Mongoose connected to the database","timestamp":"2017-11-17T07:06:19.888Z"}
